<?xml version="1.0" encoding="UTF-8"?>
<testsuite xmlns:xsi="http://www.w3.org/2001/XMLSchema-instance" xsi:noNamespaceSchemaLocation="https://maven.apache.org/surefire/maven-surefire-plugin/xsd/surefire-test-report.xsd" name="com.example.AppTest" time="0.021" tests="1" errors="0" skipped="0" failures="0">
  <properties>
    <property name="java.specification.version" value="21"/>
    <property name="sun.cpu.isalist" value="amd64"/>
    <property name="sun.jnu.encoding" value="Cp1252"/>
    <property name="java.class.path" value="d:\I4_Gic\s2\devOps\jenkin\demo\target\test-classes;d:\I4_Gic\s2\devOps\jenkin\demo\target\classes;C:\Users\senge\.m2\repository\junit\junit\4.11\junit-4.11.jar;C:\Users\senge\.m2\repository\org\hamcrest\hamcrest-core\1.3\hamcrest-core-1.3.jar;"/>
    <property name="java.vm.vendor" value="Oracle Corporation"/>
    <property name="sun.arch.data.model" value="64"/>
    <property name="user.variant" value=""/>
    <property name="java.vendor.url" value="https://java.oracle.com/"/>
    <property name="user.timezone" value="Asia/Phnom_Penh"/>
    <property name="os.name" value="Windows 11"/>
    <property name="java.vm.specification.version" value="21"/>
    <property name="sun.java.launcher" value="SUN_STANDARD"/>
    <property name="user.country" value="US"/>
    <property name="sun.boot.library.path" value="C:\Program Files\Java\jdk-21\bin"/>
    <property name="sun.java.command" value="C:\Users\senge\AppData\Local\Temp\surefire4756862194582339539\surefirebooter7547494168725384534.jar C:\Users\senge\AppData\Local\Temp\surefire4756862194582339539 2024-03-25T17-10-37_748-jvmRun1 surefire3092433925246106485tmp surefire_06931684174678027765tmp"/>
    <property name="jdk.debug" value="release"/>
    <property name="surefire.test.class.path" value="d:\I4_Gic\s2\devOps\jenkin\demo\target\test-classes;d:\I4_Gic\s2\devOps\jenkin\demo\target\classes;C:\Users\senge\.m2\repository\junit\junit\4.11\junit-4.11.jar;C:\Users\senge\.m2\repository\org\hamcrest\hamcrest-core\1.3\hamcrest-core-1.3.jar;"/>
    <property name="sun.cpu.endian" value="little"/>
    <property name="user.home" value="C:\Users\senge"/>
    <property name="user.language" value="en"/>
    <property name="java.specification.vendor" value="Oracle Corporation"/>
    <property name="java.version.date" value="2023-10-17"/>
    <property name="java.home" value="C:\Program Files\Java\jdk-21"/>
    <property name="file.separator" value="\"/>
    <property name="basedir" value="d:\I4_Gic\s2\devOps\jenkin\demo"/>
    <property name="java.vm.compressedOopsMode" value="Zero based"/>
    <property name="line.separator" value="&#10;"/>
    <property name="java.vm.specification.vendor" value="Oracle Corporation"/>
    <property name="java.specification.name" value="Java Platform API Specification"/>
    <property name="surefire.real.class.path" value="C:\Users\senge\AppData\Local\Temp\surefire4756862194582339539\surefirebooter7547494168725384534.jar"/>
    <property name="user.script" value=""/>
    <property name="sun.management.compiler" value="HotSpot 64-Bit Tiered Compilers"/>
    <property name="java.runtime.version" value="21.0.1+12-LTS-29"/>
    <property name="user.name" value="senge"/>
    <property name="stdout.encoding" value="Cp1252"/>
    <property name="path.separator" value=";"/>
    <property name="os.version" value="10.0"/>
    <property name="java.runtime.name" value="Java(TM) SE Runtime Environment"/>
    <property name="file.encoding" value="UTF-8"/>
    <property name="java.vm.name" value="Java HotSpot(TM) 64-Bit Server VM"/>
    <property name="localRepository" value="C:\Users\senge\.m2\repository"/>
    <property name="java.vendor.url.bug" value="https://bugreport.java.com/bugreport/"/>
    <property name="java.io.tmpdir" value="C:\Users\senge\AppData\Local\Temp\"/>
    <property name="java.version" value="21.0.1"/>
    <property name="user.dir" value="d:\I4_Gic\s2\devOps\jenkin\demo"/>
    <property name="os.arch" value="amd64"/>
    <property name="java.vm.specification.name" value="Java Virtual Machine Specification"/>
    <property name="sun.os.patch.level" value=""/>
    <property name="native.encoding" value="Cp1252"/>
    <property name="java.library.path" value="C:\Program Files\Java\jdk-21\bin;C:\Windows\Sun\Java\bin;C:\Windows\system32;C:\Windows;C:\Program Files (x86)\VMware\VMware Workstation\bin\;C:\Program Files\Common Files\Oracle\Java\javapath;C:\Windows\system32;C:\Windows;C:\Windows\System32\Wbem;C:\Windows\System32\WindowsPowerShell\v1.0\;C:\Windows\System32\OpenSSH\;D:\Node\;C:\Program Files\Git\cmd;C:\Program Files\Java\jdk-21\bin;D:\Internet\php;C:\composer;D:\I4 Gic\S1\Software engineering\gradle-8.5\bin;C:\Program Files\MySQL\MySQL Server 8.0\bin;D:\I4 Gic\S1\Software engineering\apache-maven-3.9.5-bin\apache-maven-3.9.5\bin;C:\xampp\php;D:\I4_Gic\S1\Internet programming\PhpsetUp;D:\I4 Gic\s2\ruby-3.3.0\ruby-3.3.0\bin;D:\I4_Gic\s2\dart\tool\flutter_windows_3.19.1-stable\flutter\bin;C:\Program Files (x86)\Windows Kits\10\Windows Performance Toolkit\;C:\xampp\mysql\bin;C:\Program Files\MySQL\MySQL Server 8.0\bin;C:\Users\senge\jflex-1.9.1\jflex-1.9.1\bin;C:\Program Files\Docker\Docker\resources\bin;D:\I4_Gic\S1\Software engineering\apache-maven-3.9.5-bin\apache-maven-3.9.5\bin;C:\Users\senge\AppData\Local\Programs\Python\Python312\Scripts\;C:\Users\senge\AppData\Local\Programs\Python\Python312\;C:\Users\senge\AppData\Local\Microsoft\WindowsApps;C:\Users\senge\AppData\Local\Programs\Microsoft VS Code\bin;C:\Users\senge\AppData\Roaming\npm;C:\Users\senge\AppData\Local\GitHubDesktop\bin;C:\Program Files\Java\jdk-21\bin;D:\I4_Gic\s2\Phpstorm\PhpStorm 2023.2.4\bin;;C:\Users\senge\AppData\Roaming\Composer\vendor\bin;D:\I4 Gic\S1\Software engineering\Springboot\IntelliJ IDEA 2023.3\bin;;C:\Program Files\JetBrains\PyCharm 2023.3.1\bin;;D:\I4 Gic\s2\ruby-3.3.0\ruby-3.3.0\bin;D:\I4_Gic\s2\dart\tool\flutter_windows_3.19.1-stable\flutter\bin;C:\xampp\mysql\bin;C:\Program Files\MySQL\MySQL Server 8.0\bin;C:\Users\senge\jflex-1.9.1\jflex-1.9.1\bin;;."/>
    <property name="java.vm.info" value="mixed mode, sharing"/>
    <property name="stderr.encoding" value="Cp1252"/>
    <property name="java.vendor" value="Oracle Corporation"/>
    <property name="java.vm.version" value="21.0.1+12-LTS-29"/>
    <property name="sun.io.unicode.encoding" value="UnicodeLittle"/>
    <property name="java.class.version" value="65.0"/>
  </properties>
  <testcase name="shouldAnswerWithTrue" classname="com.example.AppTest" time="0"/>
</testsuite>